2025-09-12 18:11:41.797 | INFO     | utils_logger:<module>:41 - Logging to file: logs\project_log.log
2025-09-12 18:11:41.798 | INFO     | __main__:main:97 - Starting CSV fetch demonstration...
2025-09-12 18:11:41.799 | INFO     | __main__:fetch_csv_file:56 - Fetching CSV data from https://github.com/MainakRepositor/Datasets/blob/master/diabetes.csv...
2025-09-12 18:11:42.911 | INFO     | __main__:write_csv_file:80 - Writing CSV data to example_data\2020_happiness.csv...
2025-09-12 18:11:42.915 | INFO     | __main__:write_csv_file:84 - SUCCESS: CSV data written to example_data\2020_happiness.csv
2025-09-12 18:11:42.915 | INFO     | __main__:fetch_csv_file:60 - SUCCESS: CSV file fetched and saved as 2020_happiness.csv
2025-09-12 18:25:45.472 | INFO     | utils_logger:<module>:41 - Logging to file: logs\project_log.log
2025-09-12 18:25:45.472 | INFO     | __main__:<module>:96 - Starting CSV processing...
2025-09-12 18:25:45.473 | ERROR    | __main__:analyze_DiabetesPedigreeFunction:60 - Error processing CSV file: [Errno 2] No such file or directory: 'diabetes_data\\diabetes_data.csv'
2025-09-12 18:26:41.606 | INFO     | utils_logger:<module>:41 - Logging to file: logs\project_log.log
2025-09-12 18:26:41.606 | INFO     | __main__:<module>:96 - Starting CSV processing...
2025-09-12 18:26:41.607 | ERROR    | __main__:analyze_DiabetesPedigreeFunction:60 - Error processing CSV file: [Errno 2] No such file or directory: 'diabetes_data.csv\\diabetes_data.csv'
2025-09-12 18:31:53.084 | INFO     | utils_logger:<module>:41 - Logging to file: logs\project_log.log
2025-09-12 18:31:53.084 | INFO     | __main__:main:97 - Starting CSV fetch demonstration...
2025-09-12 18:31:53.085 | INFO     | __main__:fetch_csv_file:56 - Fetching CSV data from https://github.com/MainakRepositor/Datasets/blob/master/diabetes.csv...
2025-09-12 18:31:54.307 | INFO     | __main__:write_csv_file:80 - Writing CSV data to example_data\diabetes_data.csv...
2025-09-12 18:31:54.311 | INFO     | __main__:write_csv_file:84 - SUCCESS: CSV data written to example_data\diabetes_data.csv
2025-09-12 18:31:54.312 | INFO     | __main__:fetch_csv_file:60 - SUCCESS: CSV file fetched and saved as diabetes_data.csv
2025-09-12 18:35:59.823 | INFO     | utils_logger:<module>:41 - Logging to file: logs\project_log.log
2025-09-12 18:35:59.824 | INFO     | __main__:main:97 - Starting CSV fetch demonstration...
2025-09-12 18:35:59.824 | INFO     | __main__:fetch_csv_file:56 - Fetching CSV data from https://github.com/MainakRepositor/Datasets/blob/master/diabetes.csv...
2025-09-12 18:36:00.806 | INFO     | __main__:write_csv_file:80 - Writing CSV data to Megan_data\diabetes_data.csv...
2025-09-12 18:36:00.810 | INFO     | __main__:write_csv_file:84 - SUCCESS: CSV data written to Megan_data\diabetes_data.csv
2025-09-12 18:36:00.811 | INFO     | __main__:fetch_csv_file:60 - SUCCESS: CSV file fetched and saved as diabetes_data.csv
2025-09-12 18:36:09.434 | INFO     | utils_logger:<module>:41 - Logging to file: logs\project_log.log
2025-09-12 18:36:09.434 | INFO     | __main__:<module>:96 - Starting CSV processing...
2025-09-12 18:36:09.435 | ERROR    | __main__:analyze_DiabetesPedigreeFunction:60 - Error processing CSV file: [Errno 2] No such file or directory: 'megan_data.csv\\diabetes_data.csv'
2025-09-12 18:37:17.326 | INFO     | utils_logger:<module>:41 - Logging to file: logs\project_log.log
2025-09-12 18:37:17.326 | INFO     | __main__:main:97 - Starting CSV fetch demonstration...
2025-09-12 18:37:17.327 | INFO     | __main__:fetch_csv_file:56 - Fetching CSV data from https://raw.githubusercontent.com/MainakRepositor/Datasets/refs/heads/master/diabetes.csv...
2025-09-12 18:37:17.998 | INFO     | __main__:write_csv_file:80 - Writing CSV data to Megan_data\diabetes_data.csv...
2025-09-12 18:37:18.002 | INFO     | __main__:write_csv_file:84 - SUCCESS: CSV data written to Megan_data\diabetes_data.csv
2025-09-12 18:37:18.003 | INFO     | __main__:fetch_csv_file:60 - SUCCESS: CSV file fetched and saved as diabetes_data.csv
2025-09-12 18:37:37.861 | INFO     | utils_logger:<module>:41 - Logging to file: logs\project_log.log
2025-09-12 18:37:37.862 | INFO     | __main__:<module>:96 - Starting CSV processing...
2025-09-12 18:37:37.862 | ERROR    | __main__:analyze_DiabetesPedigreeFunction:60 - Error processing CSV file: [Errno 2] No such file or directory: 'megan_data.csv\\diabetes_data.csv'
2025-09-12 18:38:04.470 | INFO     | utils_logger:<module>:41 - Logging to file: logs\project_log.log
2025-09-12 18:38:04.470 | INFO     | __main__:<module>:96 - Starting CSV processing...
2025-09-12 18:38:04.471 | ERROR    | __main__:analyze_DiabetesPedigreeFunction:60 - Error processing CSV file: [Errno 2] No such file or directory: 'Megan_data.csv\\diabetes_data.csv'
2025-09-12 18:38:20.835 | INFO     | utils_logger:<module>:41 - Logging to file: logs\project_log.log
2025-09-12 18:38:20.836 | INFO     | __main__:<module>:96 - Starting CSV processing...
2025-09-12 18:38:20.837 | ERROR    | __main__:analyze_DiabetesPedigreeFunction:60 - Error processing CSV file: 'Ladder score'
2025-09-12 18:42:29.621 | INFO     | utils_logger:<module>:41 - Logging to file: logs\project_log.log
2025-09-12 18:42:29.621 | INFO     | __main__:<module>:96 - Starting CSV processing...
2025-09-12 18:43:50.802 | INFO     | utils_logger:<module>:41 - Logging to file: logs\project_log.log
2025-09-12 18:43:50.802 | INFO     | __main__:<module>:96 - Starting CSV processing...
2025-09-12 18:43:50.807 | INFO     | __main__:process_csv_file:89 - Processed CSV file: Megan_data\diabetes_data.csv, Statistics saved to: diabetes_data_processed\diabetes_data_stats.txt
2025-09-12 18:43:50.808 | INFO     | __main__:<module>:98 - CSV processing complete.
2025-09-12 19:15:18.085 | INFO     | utils_logger:<module>:41 - Logging to file: logs\project_log.log
2025-09-12 19:15:18.086 | INFO     | __main__:main:97 - Starting Excel fetch demonstration...
2025-09-12 19:15:18.086 | INFO     | __main__:fetch_excel_file:56 - Fetching Excel data from https://github.com/rohanmistry231/Practice-Datasets-for-Excel/raw/refs/heads/main/Avacado%20Prices/avocado.xlsx...
2025-09-12 19:15:20.102 | INFO     | __main__:write_excel_file:80 - Writing Excel data to Megan_data\AvocadoPrices.xlsx...
2025-09-12 19:15:20.107 | INFO     | __main__:write_excel_file:84 - SUCCESS: Excel data written to Megan_data\AvocadoPrices.xlsx
2025-09-12 19:15:20.108 | INFO     | __main__:fetch_excel_file:60 - SUCCESS: Excel file fetched and saved as AvocadoPrices.xlsx
2025-09-12 19:19:47.020 | INFO     | utils_logger:<module>:41 - Logging to file: logs\project_log.log
2025-09-12 19:19:47.020 | INFO     | __main__:<module>:83 - Starting Excel processing...
2025-09-12 19:19:49.786 | INFO     | __main__:process_excel_file:76 - Processed Excel file: Megan_data\AvocadoPrices.xlsx, Word count saved to: Megan_excel_processed\Region.txt
2025-09-12 19:19:49.787 | INFO     | __main__:<module>:85 - Excel processing complete.
2025-09-12 19:34:55.658 | INFO     | utils_logger:<module>:41 - Logging to file: logs\project_log.log
2025-09-12 19:34:55.658 | INFO     | __main__:main:96 - Starting JSON fetch demonstration...
2025-09-12 19:34:55.659 | INFO     | __main__:fetch_json_file:55 - Fetching JSON data from https://data.police.uk/api/crimes-street-dates...
2025-09-12 19:34:56.598 | INFO     | __main__:write_json_file:79 - Writing JSON data to Megan_data\astros.json...
2025-09-12 19:34:56.612 | INFO     | __main__:write_json_file:83 - SUCCESS: JSON data written to Megan_data\astros.json
2025-09-12 19:34:56.613 | INFO     | __main__:fetch_json_file:59 - SUCCESS: JSON file fetched and saved as astros.json
2025-09-12 19:35:49.015 | INFO     | utils_logger:<module>:41 - Logging to file: logs\project_log.log
2025-09-12 19:35:49.016 | INFO     | __main__:main:96 - Starting JSON fetch demonstration...
2025-09-12 19:35:49.016 | INFO     | __main__:fetch_json_file:55 - Fetching JSON data from https://data.police.uk/api/crimes-street-dates...
2025-09-12 19:35:49.913 | INFO     | __main__:write_json_file:79 - Writing JSON data to Megan_data\Crime.json...
2025-09-12 19:35:49.918 | INFO     | __main__:write_json_file:83 - SUCCESS: JSON data written to Megan_data\Crime.json
2025-09-12 19:35:49.919 | INFO     | __main__:fetch_json_file:59 - SUCCESS: JSON file fetched and saved as Crime.json
2025-09-12 19:46:03.567 | INFO     | utils_logger:<module>:41 - Logging to file: logs\project_log.log
2025-09-12 19:46:03.567 | INFO     | __main__:main:96 - Starting JSON fetch demonstration...
2025-09-12 19:46:03.568 | INFO     | __main__:fetch_json_file:55 - Fetching JSON data from https://api.nobelprize.org/v1/prize.json...
2025-09-12 19:46:04.291 | INFO     | __main__:write_json_file:79 - Writing JSON data to Megan_data\Nobel.json...
2025-09-12 19:46:04.337 | INFO     | __main__:write_json_file:83 - SUCCESS: JSON data written to Megan_data\Nobel.json
2025-09-12 19:46:04.339 | INFO     | __main__:fetch_json_file:59 - SUCCESS: JSON file fetched and saved as Nobel.json
2025-09-12 20:07:11.910 | INFO     | utils_logger:<module>:41 - Logging to file: logs\project_log.log
2025-09-12 20:07:11.910 | INFO     | __main__:<module>:118 - Starting JSON processing...
2025-09-12 20:07:11.931 | ERROR    | __main__:count_categories_by_year:84 - Error reading or processing JSON file: name 'prize_list' is not defined
2025-09-12 20:07:11.934 | INFO     | __main__:process_json_file:111 - Processed JSON file: Megan_data\Nobel.json, Results saved to: Megan_json_processed\json_categories_by_year.txt
2025-09-12 20:07:11.934 | INFO     | __main__:<module>:120 - JSON processing complete.
2025-09-12 20:08:13.759 | INFO     | utils_logger:<module>:41 - Logging to file: logs\project_log.log
2025-09-12 20:08:13.759 | INFO     | __main__:<module>:118 - Starting JSON processing...
2025-09-12 20:08:13.765 | ERROR    | __main__:count_categories_by_year:84 - Error reading or processing JSON file: name 'year_counts_dictionary' is not defined
2025-09-12 20:08:13.766 | INFO     | __main__:process_json_file:111 - Processed JSON file: Megan_data\Nobel.json, Results saved to: Megan_json_processed\json_categories_by_year.txt
2025-09-12 20:08:13.767 | INFO     | __main__:<module>:120 - JSON processing complete.
2025-09-12 20:09:16.777 | INFO     | utils_logger:<module>:41 - Logging to file: logs\project_log.log
2025-09-12 20:09:16.778 | INFO     | __main__:<module>:118 - Starting JSON processing...
2025-09-12 20:09:16.785 | INFO     | __main__:process_json_file:111 - Processed JSON file: Megan_data\Nobel.json, Results saved to: Megan_json_processed\json_categories_by_year.txt
2025-09-12 20:09:16.786 | INFO     | __main__:<module>:120 - JSON processing complete.
2025-09-12 20:11:35.528 | INFO     | utils_logger:<module>:41 - Logging to file: logs\project_log.log
2025-09-12 20:11:35.529 | INFO     | __main__:<module>:118 - Starting JSON processing...
2025-09-12 20:11:35.535 | INFO     | __main__:process_json_file:111 - Processed JSON file: Megan_data\Nobel.json, Results saved to: Megan_json_processed\json_categories_by_year.txt
2025-09-12 20:11:35.536 | INFO     | __main__:<module>:120 - JSON processing complete.
2025-09-12 20:27:21.550 | INFO     | utils_logger:<module>:41 - Logging to file: logs\project_log.log
2025-09-12 20:27:21.551 | INFO     | __main__:<module>:118 - Starting JSON processing...
2025-09-12 20:27:21.559 | INFO     | __main__:process_json_file:111 - Processed JSON file: Megan_data\Nobel.json, Results saved to: Megan_json_processed\json_laureates_by_category.txt
2025-09-12 20:27:21.560 | INFO     | __main__:<module>:120 - JSON processing complete.
2025-09-12 20:28:03.991 | INFO     | utils_logger:<module>:41 - Logging to file: logs\project_log.log
2025-09-12 20:28:03.991 | INFO     | __main__:<module>:118 - Starting JSON processing...
2025-09-12 20:28:03.997 | INFO     | __main__:process_json_file:111 - Processed JSON file: Megan_data\Nobel.json, Results saved to: Megan_json_processed\json_laureates_by_category.txt
2025-09-12 20:28:03.998 | INFO     | __main__:<module>:120 - JSON processing complete.
2025-09-12 20:29:13.685 | INFO     | utils_logger:<module>:41 - Logging to file: logs\project_log.log
2025-09-12 20:29:13.685 | INFO     | __main__:<module>:118 - Starting JSON processing...
2025-09-12 20:29:21.527 | INFO     | utils_logger:<module>:41 - Logging to file: logs\project_log.log
2025-09-12 20:29:21.528 | INFO     | __main__:<module>:118 - Starting JSON processing...
2025-09-12 20:29:49.713 | INFO     | utils_logger:<module>:41 - Logging to file: logs\project_log.log
2025-09-12 20:29:49.713 | INFO     | __main__:<module>:118 - Starting JSON processing...
2025-09-12 20:29:49.720 | INFO     | __main__:process_json_file:111 - Processed JSON file: Megan_data\Nobel.json, Results saved to: Megan_json_processed\json_laureates_by_category.txt
2025-09-12 20:29:49.721 | INFO     | __main__:<module>:120 - JSON processing complete.
2025-09-12 20:48:37.508 | INFO     | utils_logger:<module>:41 - Logging to file: logs\project_log.log
2025-09-12 20:48:37.509 | INFO     | __main__:<module>:120 - Starting JSON processing...
2025-09-12 20:48:37.526 | ERROR    | __main__:count_laureates_by_category:86 - Error reading or processing JSON file: Expecting value: line 1 column 1 (char 0)
2025-09-12 20:48:37.528 | INFO     | __main__:process_json_file:113 - Processed JSON file: Megan_data\Nobel.json, Results saved to: Megan_json_processed\json_laureates_by_category.txt
2025-09-12 20:48:37.529 | INFO     | __main__:<module>:122 - JSON processing complete.
2025-09-12 20:51:02.545 | INFO     | utils_logger:<module>:41 - Logging to file: logs\project_log.log
2025-09-12 20:51:02.545 | INFO     | __main__:<module>:120 - Starting JSON processing...
2025-09-12 20:51:02.562 | ERROR    | __main__:count_laureates_by_category:86 - Error reading or processing JSON file: Expecting value: line 1 column 1 (char 0)
2025-09-12 20:51:02.563 | INFO     | __main__:process_json_file:113 - Processed JSON file: Megan_data\Nobel.json, Results saved to: Megan_json_processed\json_laureates_by_category.txt
2025-09-12 20:51:02.564 | INFO     | __main__:<module>:122 - JSON processing complete.
2025-09-12 20:52:39.587 | INFO     | utils_logger:<module>:41 - Logging to file: logs\project_log.log
2025-09-12 20:52:39.587 | INFO     | __main__:<module>:120 - Starting JSON processing...
2025-09-12 20:52:39.602 | ERROR    | __main__:count_laureates_by_category:86 - Error reading or processing JSON file: Expecting value: line 1 column 1 (char 0)
2025-09-12 20:52:39.604 | INFO     | __main__:process_json_file:113 - Processed JSON file: Megan_data\Nobel.json, Results saved to: Megan_json_processed\json_laureates_by_category.txt
2025-09-12 20:52:39.605 | INFO     | __main__:<module>:122 - JSON processing complete.
2025-09-12 20:53:54.106 | INFO     | utils_logger:<module>:41 - Logging to file: logs\project_log.log
2025-09-12 20:53:54.106 | INFO     | __main__:<module>:120 - Starting JSON processing...
2025-09-12 20:53:54.121 | ERROR    | __main__:count_laureates_by_category:86 - Error reading or processing JSON file: Expecting value: line 1 column 1 (char 0)
2025-09-12 20:53:54.122 | INFO     | __main__:process_json_file:113 - Processed JSON file: Megan_data\Nobel.json, Results saved to: Megan_json_processed\json_laureates_by_category.txt
2025-09-12 20:53:54.123 | INFO     | __main__:<module>:122 - JSON processing complete.
2025-09-12 20:55:07.552 | INFO     | utils_logger:<module>:41 - Logging to file: logs\project_log.log
2025-09-12 20:55:07.552 | INFO     | __main__:<module>:120 - Starting JSON processing...
2025-09-12 20:55:07.568 | ERROR    | __main__:count_laureates_by_category:86 - Error reading or processing JSON file: Expecting value: line 1 column 1 (char 0)
2025-09-12 20:55:07.570 | INFO     | __main__:process_json_file:113 - Processed JSON file: Megan_data\Nobel.json, Results saved to: Megan_json_processed\json_laureates_by_category.txt
2025-09-12 20:55:07.571 | INFO     | __main__:<module>:122 - JSON processing complete.
2025-09-12 20:56:19.121 | INFO     | utils_logger:<module>:41 - Logging to file: logs\project_log.log
2025-09-12 20:56:19.121 | INFO     | __main__:main:96 - Starting JSON fetch demonstration...
2025-09-12 20:56:19.122 | INFO     | __main__:fetch_json_file:55 - Fetching JSON data from https://api.nobelprize.org/v1/prize.json...
2025-09-12 20:56:19.952 | INFO     | __main__:write_json_file:79 - Writing JSON data to Megan_data\Nobel.json...
2025-09-12 20:56:19.996 | INFO     | __main__:write_json_file:83 - SUCCESS: JSON data written to Megan_data\Nobel.json
2025-09-12 20:56:19.997 | INFO     | __main__:fetch_json_file:59 - SUCCESS: JSON file fetched and saved as Nobel.json
2025-09-12 20:56:29.218 | INFO     | utils_logger:<module>:41 - Logging to file: logs\project_log.log
2025-09-12 20:56:29.219 | INFO     | __main__:<module>:120 - Starting JSON processing...
2025-09-12 20:56:29.235 | ERROR    | __main__:count_laureates_by_category:86 - Error reading or processing JSON file: Expecting value: line 1 column 1 (char 0)
2025-09-12 20:56:29.236 | INFO     | __main__:process_json_file:113 - Processed JSON file: Megan_data\Nobel.json, Results saved to: Megan_json_processed\json_laureates_by_category.txt
2025-09-12 20:56:29.237 | INFO     | __main__:<module>:122 - JSON processing complete.
2025-09-12 21:01:26.931 | INFO     | utils_logger:<module>:41 - Logging to file: logs\project_log.log
2025-09-12 21:01:26.932 | INFO     | __main__:<module>:99 - Starting JSON processing...
2025-09-12 21:01:26.940 | ERROR    | __main__:count_laureates_by_category:65 - Error reading or processing JSON file: name 'Nobel' is not defined
2025-09-12 21:01:26.942 | INFO     | __main__:process_json_file:92 - Processed JSON file: Megan_data\Nobel.json, Results saved to: Megan_json_processed\json_laureates_by_category.txt
2025-09-12 21:01:26.943 | INFO     | __main__:<module>:101 - JSON processing complete.
2025-09-12 21:04:33.435 | INFO     | utils_logger:<module>:41 - Logging to file: logs\project_log.log
2025-09-12 21:04:33.435 | INFO     | __main__:<module>:99 - Starting JSON processing...
2025-09-12 21:04:33.441 | ERROR    | __main__:count_laureates_by_category:65 - Error reading or processing JSON file: Expecting value: line 1 column 1 (char 0)
2025-09-12 21:04:33.443 | INFO     | __main__:process_json_file:92 - Processed JSON file: Megan_data\Nobel.json, Results saved to: Megan_json_processed\json_laureates_by_category.txt
2025-09-12 21:04:33.444 | INFO     | __main__:<module>:101 - JSON processing complete.
2025-09-12 21:17:59.090 | INFO     | utils_logger:<module>:41 - Logging to file: logs\project_log.log
2025-09-12 21:17:59.090 | INFO     | __main__:main:97 - Starting text fetch demonstration...
2025-09-12 21:17:59.091 | INFO     | __main__:fetch_txt_file:56 - Fetching text data from https://www.gutenberg.org/files/1342/1342-0.txt...
2025-09-12 21:18:00.337 | INFO     | __main__:write_txt_file:80 - Writing data to Megan_data\pride.txt...
2025-09-12 21:18:00.360 | INFO     | __main__:write_txt_file:84 - SUCCESS: Data written to Megan_data\pride.txt
2025-09-12 21:18:00.361 | INFO     | __main__:fetch_txt_file:60 - SUCCESS: Text file fetched and saved as pride.txt
2025-09-12 21:20:18.692 | INFO     | utils_logger:<module>:41 - Logging to file: logs\project_log.log
2025-09-12 21:20:18.693 | INFO     | __main__:<module>:72 - Starting text processing...
2025-09-12 21:20:18.720 | INFO     | __main__:process_text_file:65 - Processed text file: Megan_data\pride.txt, Word count saved to: Megan_processed_text\text_pride_word_count.txt
2025-09-12 21:20:18.721 | INFO     | __main__:<module>:74 - Text processing complete.
